
**** Clean-only build of configuration Debug for project Tiva_test ****

make clean 
 
rm -rf "Tiva_test.bin" "Tiva_test.out" 
rm -rf "main.obj" "startup_ccs.obj" "src/Led.obj" "src/LedBlinky.obj" 
rm -rf "main.d" "startup_ccs.d" "src/Led.d" "src/LedBlinky.d" 
Finished clean
 

**** Build Finished ****

**** Build of configuration Debug for project Tiva_test ****

make test 
 
make[1]: Entering directory '/home/hazem/Desktop/test_automation/Tiva_test/Debug'
cd ../ && ceedling test:all
 
 
Test 'test_LedBlinky.c'
-----------------------
Running test_LedBlinky.out...
 
 
Test 'test_led.c'
-----------------
Running test_led.out...
 
--------------------
OVERALL TEST SUMMARY
--------------------
TESTED:  4
PASSED:  4
FAILED:  0
IGNORED: 0
 
make[1]: Leaving directory '/home/hazem/Desktop/test_automation/Tiva_test/Debug'

**** Build Finished ****

**** Build of configuration Debug for project Tiva_test ****

/home/hazem/ti/ccs1120/ccs/utils/bin/gmake -k all 
 
Building file: "../main.c"
Invoking: Arm Compiler
"/home/hazem/ti/TI-18.12.5.LTS compiler/ti-cgt-arm_18.12.5.LTS/bin/armcl" -mv7M4 --code_state=16 --float_support=FPv4SPD16 -me -Ooff --include_path="/home/hazem/ti/TI-18.12.5.LTS compiler/ti-cgt-arm_18.12.5.LTS/include" --include_path="/home/hazem/ti/tivaware_c_series_2_1_4_178" --advice:power=all --define=ccs="ccs" --define=PART_TM4C123GH6PM --define=TARGET_IS_TM4C123_RB1 -g --gcc --diag_warning=225 --diag_wrap=off --display_error_number --gen_func_subsections=on --abi=eabi --ual --preproc_with_compile --preproc_dependency="main.d_raw"  "../main.c"
"../main.c", line 75: remark #1527-D: (ULP 2.1) Detected SW delay loop using empty loop. Recommend using a timer module instead
Finished building: "../main.c"
 
Building file: "../startup_ccs.c"
Invoking: Arm Compiler
"/home/hazem/ti/TI-18.12.5.LTS compiler/ti-cgt-arm_18.12.5.LTS/bin/armcl" -mv7M4 --code_state=16 --float_support=FPv4SPD16 -me -Ooff --include_path="/home/hazem/ti/TI-18.12.5.LTS compiler/ti-cgt-arm_18.12.5.LTS/include" --include_path="/home/hazem/ti/tivaware_c_series_2_1_4_178" --advice:power=all --define=ccs="ccs" --define=PART_TM4C123GH6PM --define=TARGET_IS_TM4C123_RB1 -g --gcc --diag_warning=225 --diag_wrap=off --display_error_number --gen_func_subsections=on --abi=eabi --ual --preproc_with_compile --preproc_dependency="startup_ccs.d_raw"  "../startup_ccs.c"
"../startup_ccs.c", line 256: remark #1527-D: (ULP 2.1) Detected SW delay loop using empty loop. Recommend using a timer module instead
"../startup_ccs.c", line 274: remark #1527-D: (ULP 2.1) Detected SW delay loop using empty loop. Recommend using a timer module instead
"../startup_ccs.c", line 292: remark #1527-D: (ULP 2.1) Detected SW delay loop using empty loop. Recommend using a timer module instead
Finished building: "../startup_ccs.c"
 
Building file: "../src/Led.c"
Invoking: Arm Compiler
"/home/hazem/ti/TI-18.12.5.LTS compiler/ti-cgt-arm_18.12.5.LTS/bin/armcl" -mv7M4 --code_state=16 --float_support=FPv4SPD16 -me -Ooff --include_path="/home/hazem/ti/TI-18.12.5.LTS compiler/ti-cgt-arm_18.12.5.LTS/include" --include_path="/home/hazem/ti/tivaware_c_series_2_1_4_178" --advice:power=all --define=ccs="ccs" --define=PART_TM4C123GH6PM --define=TARGET_IS_TM4C123_RB1 -g --gcc --diag_warning=225 --diag_wrap=off --display_error_number --gen_func_subsections=on --abi=eabi --ual --preproc_with_compile --preproc_dependency="src/Led.d_raw" --obj_directory="src"  "../src/Led.c"
Finished building: "../src/Led.c"
 
Building file: "../src/LedBlinky.c"
Invoking: Arm Compiler
"/home/hazem/ti/TI-18.12.5.LTS compiler/ti-cgt-arm_18.12.5.LTS/bin/armcl" -mv7M4 --code_state=16 --float_support=FPv4SPD16 -me -Ooff --include_path="/home/hazem/ti/TI-18.12.5.LTS compiler/ti-cgt-arm_18.12.5.LTS/include" --include_path="/home/hazem/ti/tivaware_c_series_2_1_4_178" --advice:power=all --define=ccs="ccs" --define=PART_TM4C123GH6PM --define=TARGET_IS_TM4C123_RB1 -g --gcc --diag_warning=225 --diag_wrap=off --display_error_number --gen_func_subsections=on --abi=eabi --ual --preproc_with_compile --preproc_dependency="src/LedBlinky.d_raw" --obj_directory="src"  "../src/LedBlinky.c"
Finished building: "../src/LedBlinky.c"
 
Building target: "Tiva_test.out"
Invoking: Arm Linker
"/home/hazem/ti/TI-18.12.5.LTS compiler/ti-cgt-arm_18.12.5.LTS/bin/armcl" -mv7M4 --code_state=16 --float_support=FPv4SPD16 -me -Ooff --advice:power=all --define=ccs="ccs" --define=PART_TM4C123GH6PM --define=TARGET_IS_TM4C123_RB1 -g --gcc --diag_warning=225 --diag_wrap=off --display_error_number --gen_func_subsections=on --abi=eabi --ual -z -m"blinky_ccs.map" --heap_size=0 --stack_size=512 -i"/home/hazem/ti/TI-18.12.5.LTS compiler/ti-cgt-arm_18.12.5.LTS/lib" -i"/home/hazem/ti/TI-18.12.5.LTS compiler/ti-cgt-arm_18.12.5.LTS/include" --reread_libs --diag_wrap=off --display_error_number --warn_sections --xml_link_info="Tiva_test_linkInfo.xml" --rom_model -o "Tiva_test.out" "./main.obj" "./startup_ccs.obj" "./src/Led.obj" "./src/LedBlinky.obj" "../main_ccs.cmd"  -llibc.a -l"/home/hazem/ti/tivaware_c_series_2_1_4_178/driverlib/ccs/Debug/driverlib.lib" 
<Linking>
remark #10371-D: (ULP 1.1) Detected no uses of low power mode state changing instructions
Finished building target: "Tiva_test.out"
 
"/home/hazem/ti/ccs1120/ccs/utils/tiobj2bin/tiobj2bin" "Tiva_test.out" "Tiva_test.bin" "/home/hazem/ti/TI-18.12.5.LTS compiler/ti-cgt-arm_18.12.5.LTS/bin/armofd" "/home/hazem/ti/TI-18.12.5.LTS compiler/ti-cgt-arm_18.12.5.LTS/bin/armhex" "/home/hazem/ti/ccs1120/ccs/utils/tiobj2bin/mkhex4bin"
 

**** Build Finished ****

**** Clean-only build of configuration Debug for project Tiva_test ****

/home/hazem/ti/ccs1120/ccs/utils/bin/gmake -k clean 
 
rm -rf  "Tiva_test.bin"  "Tiva_test.out" 
rm -rf "main.obj" "startup_ccs.obj" "src/Led.obj" "src/LedBlinky.obj" 
rm -rf "main.d" "startup_ccs.d" "src/Led.d" "src/LedBlinky.d" 
Finished clean
 

**** Build Finished ****

**** Build of configuration Debug for project Tiva_test ****

/home/hazem/ti/ccs1120/ccs/utils/bin/gmake -k all 
 
Building file: "../main.c"
Invoking: Arm Compiler
"/home/hazem/ti/TI-18.12.5.LTS compiler/ti-cgt-arm_18.12.5.LTS/bin/armcl" -mv7M4 --code_state=16 --float_support=FPv4SPD16 -me -Ooff --include_path="/home/hazem/ti/TI-18.12.5.LTS compiler/ti-cgt-arm_18.12.5.LTS/include" --include_path="/home/hazem/ti/tivaware_c_series_2_1_4_178" --advice:power=all --define=ccs="ccs" --define=PART_TM4C123GH6PM --define=TARGET_IS_TM4C123_RB1 -g --gcc --diag_warning=225 --diag_wrap=off --display_error_number --gen_func_subsections=on --abi=eabi --ual --preproc_with_compile --preproc_dependency="main.d_raw"  "../main.c"
"../main.c", line 75: remark #1527-D: (ULP 2.1) Detected SW delay loop using empty loop. Recommend using a timer module instead
Finished building: "../main.c"
 
Building file: "../startup_ccs.c"
Invoking: Arm Compiler
"/home/hazem/ti/TI-18.12.5.LTS compiler/ti-cgt-arm_18.12.5.LTS/bin/armcl" -mv7M4 --code_state=16 --float_support=FPv4SPD16 -me -Ooff --include_path="/home/hazem/ti/TI-18.12.5.LTS compiler/ti-cgt-arm_18.12.5.LTS/include" --include_path="/home/hazem/ti/tivaware_c_series_2_1_4_178" --advice:power=all --define=ccs="ccs" --define=PART_TM4C123GH6PM --define=TARGET_IS_TM4C123_RB1 -g --gcc --diag_warning=225 --diag_wrap=off --display_error_number --gen_func_subsections=on --abi=eabi --ual --preproc_with_compile --preproc_dependency="startup_ccs.d_raw"  "../startup_ccs.c"
"../startup_ccs.c", line 256: remark #1527-D: (ULP 2.1) Detected SW delay loop using empty loop. Recommend using a timer module instead
"../startup_ccs.c", line 274: remark #1527-D: (ULP 2.1) Detected SW delay loop using empty loop. Recommend using a timer module instead
"../startup_ccs.c", line 292: remark #1527-D: (ULP 2.1) Detected SW delay loop using empty loop. Recommend using a timer module instead
Finished building: "../startup_ccs.c"
 
Building file: "../src/Led.c"
Invoking: Arm Compiler
"/home/hazem/ti/TI-18.12.5.LTS compiler/ti-cgt-arm_18.12.5.LTS/bin/armcl" -mv7M4 --code_state=16 --float_support=FPv4SPD16 -me -Ooff --include_path="/home/hazem/ti/TI-18.12.5.LTS compiler/ti-cgt-arm_18.12.5.LTS/include" --include_path="/home/hazem/ti/tivaware_c_series_2_1_4_178" --advice:power=all --define=ccs="ccs" --define=PART_TM4C123GH6PM --define=TARGET_IS_TM4C123_RB1 -g --gcc --diag_warning=225 --diag_wrap=off --display_error_number --gen_func_subsections=on --abi=eabi --ual --preproc_with_compile --preproc_dependency="src/Led.d_raw" --obj_directory="src"  "../src/Led.c"
Finished building: "../src/Led.c"
 
Building file: "../src/LedBlinky.c"
Invoking: Arm Compiler
"/home/hazem/ti/TI-18.12.5.LTS compiler/ti-cgt-arm_18.12.5.LTS/bin/armcl" -mv7M4 --code_state=16 --float_support=FPv4SPD16 -me -Ooff --include_path="/home/hazem/ti/TI-18.12.5.LTS compiler/ti-cgt-arm_18.12.5.LTS/include" --include_path="/home/hazem/ti/tivaware_c_series_2_1_4_178" --advice:power=all --define=ccs="ccs" --define=PART_TM4C123GH6PM --define=TARGET_IS_TM4C123_RB1 -g --gcc --diag_warning=225 --diag_wrap=off --display_error_number --gen_func_subsections=on --abi=eabi --ual --preproc_with_compile --preproc_dependency="src/LedBlinky.d_raw" --obj_directory="src"  "../src/LedBlinky.c"
Finished building: "../src/LedBlinky.c"
 
Building target: "Tiva_test.out"
Invoking: Arm Linker
"/home/hazem/ti/TI-18.12.5.LTS compiler/ti-cgt-arm_18.12.5.LTS/bin/armcl" -mv7M4 --code_state=16 --float_support=FPv4SPD16 -me -Ooff --advice:power=all --define=ccs="ccs" --define=PART_TM4C123GH6PM --define=TARGET_IS_TM4C123_RB1 -g --gcc --diag_warning=225 --diag_wrap=off --display_error_number --gen_func_subsections=on --abi=eabi --ual -z -m"blinky_ccs.map" --heap_size=0 --stack_size=512 -i"/home/hazem/ti/TI-18.12.5.LTS compiler/ti-cgt-arm_18.12.5.LTS/lib" -i"/home/hazem/ti/TI-18.12.5.LTS compiler/ti-cgt-arm_18.12.5.LTS/include" --reread_libs --diag_wrap=off --display_error_number --warn_sections --xml_link_info="Tiva_test_linkInfo.xml" --rom_model -o "Tiva_test.out" "./main.obj" "./startup_ccs.obj" "./src/Led.obj" "./src/LedBlinky.obj" "../main_ccs.cmd"  -llibc.a -l"/home/hazem/ti/tivaware_c_series_2_1_4_178/driverlib/ccs/Debug/driverlib.lib" 
<Linking>
remark #10371-D: (ULP 1.1) Detected no uses of low power mode state changing instructions
Finished building target: "Tiva_test.out"
 
"/home/hazem/ti/ccs1120/ccs/utils/tiobj2bin/tiobj2bin" "Tiva_test.out" "Tiva_test.bin" "/home/hazem/ti/TI-18.12.5.LTS compiler/ti-cgt-arm_18.12.5.LTS/bin/armofd" "/home/hazem/ti/TI-18.12.5.LTS compiler/ti-cgt-arm_18.12.5.LTS/bin/armhex" "/home/hazem/ti/ccs1120/ccs/utils/tiobj2bin/mkhex4bin"
 

**** Build Finished ****
